[INFO ] 2022-02-13 15:30:36.291 [main] BankService - Bank null successfully created.
[INFO ] 2022-02-13 15:30:36.291 [main] BankService - Bank null successfully created.
[INFO ] 2022-02-13 15:33:55.737 [main] BankService - Bank null successfully created.
[INFO ] 2022-02-13 15:33:55.737 [main] BankService - Bank null successfully created.
[INFO ] 2022-02-13 15:40:22.434 [main] BankService - Bank null successfully created.
[INFO ] 2022-02-13 15:40:22.434 [main] BankService - Bank null successfully created.
[INFO ] 2022-02-13 15:41:36.166 [main] BankService - Bank null successfully created.
[INFO ] 2022-02-13 15:41:36.166 [main] BankService - Bank null successfully created.
[INFO ] 2022-02-13 15:42:46.133 [main] BankService - Bank null successfully created.
[INFO ] 2022-02-13 15:42:46.133 [main] BankService - Bank null successfully created.
[INFO ] 2022-02-13 16:00:04.134 [main] BankService - Bank null successfully created.
[INFO ] 2022-02-13 16:00:04.134 [main] BankService - Bank null successfully created.
[INFO ] 2022-02-13 16:00:54.019 [main] BankService - Bank null successfully created.
[INFO ] 2022-02-13 16:00:54.019 [main] BankService - Bank null successfully created.
[INFO ] 2022-02-13 16:02:14.826 [main] BankService - Bank null successfully created.
[INFO ] 2022-02-13 16:02:14.826 [main] BankService - Bank null successfully created.
[DEBUG] 2022-02-13 17:55:40.067 [main] AnnotationConfigApplicationContext - Refreshing org.springframework.context.annotation.AnnotationConfigApplicationContext@67b467e9
[DEBUG] 2022-02-13 17:55:40.084 [main] DefaultListableBeanFactory - Creating shared instance of singleton bean 'org.springframework.context.annotation.internalConfigurationAnnotationProcessor'
[DEBUG] 2022-02-13 17:55:40.122 [main] DefaultListableBeanFactory - Creating shared instance of singleton bean 'org.springframework.context.event.internalEventListenerProcessor'
[DEBUG] 2022-02-13 17:55:40.124 [main] DefaultListableBeanFactory - Creating shared instance of singleton bean 'org.springframework.context.event.internalEventListenerFactory'
[DEBUG] 2022-02-13 17:55:40.125 [main] DefaultListableBeanFactory - Creating shared instance of singleton bean 'org.springframework.context.annotation.internalAutowiredAnnotationProcessor'
[DEBUG] 2022-02-13 17:55:40.127 [main] DefaultListableBeanFactory - Creating shared instance of singleton bean 'org.springframework.context.annotation.internalCommonAnnotationProcessor'
[DEBUG] 2022-02-13 17:55:40.133 [main] DefaultListableBeanFactory - Creating shared instance of singleton bean 'org.springframework.context.annotation.internalPersistenceAnnotationProcessor'
[DEBUG] 2022-02-13 17:55:40.138 [main] DefaultListableBeanFactory - Creating shared instance of singleton bean 'application'
[DEBUG] 2022-02-13 17:56:01.535 [main] AnnotationConfigApplicationContext - Refreshing org.springframework.context.annotation.AnnotationConfigApplicationContext@67b467e9
[DEBUG] 2022-02-13 17:56:01.550 [main] DefaultListableBeanFactory - Creating shared instance of singleton bean 'org.springframework.context.annotation.internalConfigurationAnnotationProcessor'
[DEBUG] 2022-02-13 17:56:01.585 [main] DefaultListableBeanFactory - Creating shared instance of singleton bean 'org.springframework.context.event.internalEventListenerProcessor'
[DEBUG] 2022-02-13 17:56:01.588 [main] DefaultListableBeanFactory - Creating shared instance of singleton bean 'org.springframework.context.event.internalEventListenerFactory'
[DEBUG] 2022-02-13 17:56:01.590 [main] DefaultListableBeanFactory - Creating shared instance of singleton bean 'org.springframework.context.annotation.internalAutowiredAnnotationProcessor'
[DEBUG] 2022-02-13 17:56:01.592 [main] DefaultListableBeanFactory - Creating shared instance of singleton bean 'org.springframework.context.annotation.internalCommonAnnotationProcessor'
[DEBUG] 2022-02-13 17:56:01.596 [main] DefaultListableBeanFactory - Creating shared instance of singleton bean 'org.springframework.context.annotation.internalPersistenceAnnotationProcessor'
[DEBUG] 2022-02-13 17:56:01.601 [main] DefaultListableBeanFactory - Creating shared instance of singleton bean 'application'
[DEBUG] 2022-02-13 17:58:28.294 [main] AnnotationConfigApplicationContext - Refreshing org.springframework.context.annotation.AnnotationConfigApplicationContext@67b467e9
[DEBUG] 2022-02-13 17:58:28.310 [main] DefaultListableBeanFactory - Creating shared instance of singleton bean 'org.springframework.context.annotation.internalConfigurationAnnotationProcessor'
[DEBUG] 2022-02-13 17:58:28.348 [main] DefaultListableBeanFactory - Creating shared instance of singleton bean 'org.springframework.context.event.internalEventListenerProcessor'
[DEBUG] 2022-02-13 17:58:28.351 [main] DefaultListableBeanFactory - Creating shared instance of singleton bean 'org.springframework.context.event.internalEventListenerFactory'
[DEBUG] 2022-02-13 17:58:28.353 [main] DefaultListableBeanFactory - Creating shared instance of singleton bean 'org.springframework.context.annotation.internalAutowiredAnnotationProcessor'
[DEBUG] 2022-02-13 17:58:28.355 [main] DefaultListableBeanFactory - Creating shared instance of singleton bean 'org.springframework.context.annotation.internalCommonAnnotationProcessor'
[DEBUG] 2022-02-13 17:58:28.359 [main] DefaultListableBeanFactory - Creating shared instance of singleton bean 'org.springframework.context.annotation.internalPersistenceAnnotationProcessor'
[DEBUG] 2022-02-13 17:58:28.366 [main] DefaultListableBeanFactory - Creating shared instance of singleton bean 'application'
[DEBUG] 2022-02-13 18:00:18.313 [main] AnnotationConfigApplicationContext - Refreshing org.springframework.context.annotation.AnnotationConfigApplicationContext@67b467e9
[DEBUG] 2022-02-13 18:00:18.328 [main] DefaultListableBeanFactory - Creating shared instance of singleton bean 'org.springframework.context.annotation.internalConfigurationAnnotationProcessor'
[DEBUG] 2022-02-13 18:00:18.395 [main] ClassPathBeanDefinitionScanner - Identified candidate component class: file [D:\JavaProjects\intexsoft-test-task\target\classes\by\ganevich\config\DatabaseConfig.class]
[DEBUG] 2022-02-13 18:00:18.404 [main] ClassPathBeanDefinitionScanner - Identified candidate component class: file [D:\JavaProjects\intexsoft-test-task\target\classes\by\ganevich\io\Interactive.class]
[DEBUG] 2022-02-13 18:00:18.405 [main] ClassPathBeanDefinitionScanner - Identified candidate component class: file [D:\JavaProjects\intexsoft-test-task\target\classes\by\ganevich\io\subinteractive\BankMenuInteractive.class]
[DEBUG] 2022-02-13 18:00:18.411 [main] ClassPathBeanDefinitionScanner - Ignored because not a concrete top-level class: file [D:\JavaProjects\intexsoft-test-task\target\classes\by\ganevich\repository\BankAccountRepository.class]
[DEBUG] 2022-02-13 18:00:18.412 [main] ClassPathBeanDefinitionScanner - Ignored because not a concrete top-level class: file [D:\JavaProjects\intexsoft-test-task\target\classes\by\ganevich\repository\BankRepository.class]
[DEBUG] 2022-02-13 18:00:18.413 [main] ClassPathBeanDefinitionScanner - Ignored because not a concrete top-level class: file [D:\JavaProjects\intexsoft-test-task\target\classes\by\ganevich\repository\ClientRepository.class]
[DEBUG] 2022-02-13 18:00:18.413 [main] ClassPathBeanDefinitionScanner - Ignored because not a concrete top-level class: file [D:\JavaProjects\intexsoft-test-task\target\classes\by\ganevich\repository\TransactionRepository.class]
[DEBUG] 2022-02-13 18:00:18.415 [main] ClassPathBeanDefinitionScanner - Identified candidate component class: file [D:\JavaProjects\intexsoft-test-task\target\classes\by\ganevich\service\BankService.class]
[DEBUG] 2022-02-13 18:00:18.538 [main] DefaultListableBeanFactory - Creating shared instance of singleton bean 'org.springframework.context.event.internalEventListenerProcessor'
[DEBUG] 2022-02-13 18:00:18.541 [main] DefaultListableBeanFactory - Creating shared instance of singleton bean 'org.springframework.context.event.internalEventListenerFactory'
[DEBUG] 2022-02-13 18:00:18.542 [main] DefaultListableBeanFactory - Creating shared instance of singleton bean 'org.springframework.context.annotation.internalAutowiredAnnotationProcessor'
[DEBUG] 2022-02-13 18:00:18.544 [main] DefaultListableBeanFactory - Creating shared instance of singleton bean 'org.springframework.context.annotation.internalCommonAnnotationProcessor'
[DEBUG] 2022-02-13 18:00:18.548 [main] DefaultListableBeanFactory - Creating shared instance of singleton bean 'org.springframework.context.annotation.internalPersistenceAnnotationProcessor'
[DEBUG] 2022-02-13 18:00:18.553 [main] DefaultListableBeanFactory - Creating shared instance of singleton bean 'application'
[DEBUG] 2022-02-13 18:00:18.558 [main] DefaultListableBeanFactory - Creating shared instance of singleton bean 'databaseConfig'
[DEBUG] 2022-02-13 18:00:18.566 [main] SystemEnvironmentPropertySource - PropertySource 'systemEnvironment' does not contain property 'username', but found equivalent 'USERNAME'
[DEBUG] 2022-02-13 18:00:18.566 [main] PropertySourcesPropertyResolver - Found key 'username' in PropertySource 'systemEnvironment' with value of type String
[DEBUG] 2022-02-13 18:00:18.568 [main] PropertySourcesPropertyResolver - Found key 'password' in PropertySource 'class path resource [application.properties]' with value of type String
[DEBUG] 2022-02-13 18:00:18.569 [main] PropertySourcesPropertyResolver - Found key 'url' in PropertySource 'class path resource [application.properties]' with value of type String
[DEBUG] 2022-02-13 18:00:18.569 [main] PropertySourcesPropertyResolver - Found key 'packagesToScan' in PropertySource 'class path resource [application.properties]' with value of type String
[DEBUG] 2022-02-13 18:00:18.569 [main] DefaultListableBeanFactory - Creating shared instance of singleton bean 'interactive'
[DEBUG] 2022-02-13 18:00:18.573 [main] DefaultListableBeanFactory - Creating shared instance of singleton bean 'bankMenuInteractive'
[DEBUG] 2022-02-13 18:00:18.581 [main] DefaultListableBeanFactory - Creating shared instance of singleton bean 'bankService'
[WARN ] 2022-02-13 18:00:18.588 [main] AnnotationConfigApplicationContext - Exception encountered during context initialization - cancelling refresh attempt: org.springframework.beans.factory.UnsatisfiedDependencyException: Error creating bean with name 'interactive': Unsatisfied dependency expressed through field 'bankMenuInteractive'; nested exception is org.springframework.beans.factory.UnsatisfiedDependencyException: Error creating bean with name 'bankMenuInteractive' defined in file [D:\JavaProjects\intexsoft-test-task\target\classes\by\ganevich\io\subinteractive\BankMenuInteractive.class]: Unsatisfied dependency expressed through constructor parameter 0; nested exception is org.springframework.beans.factory.UnsatisfiedDependencyException: Error creating bean with name 'bankService' defined in file [D:\JavaProjects\intexsoft-test-task\target\classes\by\ganevich\service\BankService.class]: Unsatisfied dependency expressed through constructor parameter 0; nested exception is org.springframework.beans.factory.NoSuchBeanDefinitionException: No qualifying bean of type 'by.ganevich.repository.BankRepository' available: expected at least 1 bean which qualifies as autowire candidate. Dependency annotations: {}
[DEBUG] 2022-02-13 18:01:25.510 [main] AnnotationConfigApplicationContext - Refreshing org.springframework.context.annotation.AnnotationConfigApplicationContext@67b467e9
[DEBUG] 2022-02-13 18:01:25.527 [main] DefaultListableBeanFactory - Creating shared instance of singleton bean 'org.springframework.context.annotation.internalConfigurationAnnotationProcessor'
[DEBUG] 2022-02-13 18:01:25.603 [main] ClassPathBeanDefinitionScanner - Identified candidate component class: file [D:\JavaProjects\intexsoft-test-task\target\classes\by\ganevich\config\DatabaseConfig.class]
[DEBUG] 2022-02-13 18:01:25.611 [main] ClassPathBeanDefinitionScanner - Identified candidate component class: file [D:\JavaProjects\intexsoft-test-task\target\classes\by\ganevich\io\Interactive.class]
[DEBUG] 2022-02-13 18:01:25.612 [main] ClassPathBeanDefinitionScanner - Identified candidate component class: file [D:\JavaProjects\intexsoft-test-task\target\classes\by\ganevich\io\subinteractive\BankMenuInteractive.class]
[DEBUG] 2022-02-13 18:01:25.619 [main] ClassPathBeanDefinitionScanner - Ignored because not a concrete top-level class: file [D:\JavaProjects\intexsoft-test-task\target\classes\by\ganevich\repository\BankAccountRepository.class]
[DEBUG] 2022-02-13 18:01:25.620 [main] ClassPathBeanDefinitionScanner - Ignored because not a concrete top-level class: file [D:\JavaProjects\intexsoft-test-task\target\classes\by\ganevich\repository\BankRepository.class]
[DEBUG] 2022-02-13 18:01:25.620 [main] ClassPathBeanDefinitionScanner - Ignored because not a concrete top-level class: file [D:\JavaProjects\intexsoft-test-task\target\classes\by\ganevich\repository\ClientRepository.class]
[DEBUG] 2022-02-13 18:01:25.621 [main] ClassPathBeanDefinitionScanner - Ignored because not a concrete top-level class: file [D:\JavaProjects\intexsoft-test-task\target\classes\by\ganevich\repository\TransactionRepository.class]
[DEBUG] 2022-02-13 18:01:25.623 [main] ClassPathBeanDefinitionScanner - Identified candidate component class: file [D:\JavaProjects\intexsoft-test-task\target\classes\by\ganevich\service\BankService.class]
[DEBUG] 2022-02-13 18:01:25.743 [main] DefaultListableBeanFactory - Creating shared instance of singleton bean 'org.springframework.context.event.internalEventListenerProcessor'
[DEBUG] 2022-02-13 18:01:25.747 [main] DefaultListableBeanFactory - Creating shared instance of singleton bean 'org.springframework.context.event.internalEventListenerFactory'
[DEBUG] 2022-02-13 18:01:25.749 [main] DefaultListableBeanFactory - Creating shared instance of singleton bean 'org.springframework.context.annotation.internalAutowiredAnnotationProcessor'
[DEBUG] 2022-02-13 18:01:25.751 [main] DefaultListableBeanFactory - Creating shared instance of singleton bean 'org.springframework.context.annotation.internalCommonAnnotationProcessor'
[DEBUG] 2022-02-13 18:01:25.755 [main] DefaultListableBeanFactory - Creating shared instance of singleton bean 'org.springframework.context.annotation.internalPersistenceAnnotationProcessor'
[DEBUG] 2022-02-13 18:01:25.761 [main] DefaultListableBeanFactory - Creating shared instance of singleton bean 'application'
[DEBUG] 2022-02-13 18:01:25.767 [main] DefaultListableBeanFactory - Creating shared instance of singleton bean 'databaseConfig'
[DEBUG] 2022-02-13 18:01:25.775 [main] SystemEnvironmentPropertySource - PropertySource 'systemEnvironment' does not contain property 'username', but found equivalent 'USERNAME'
[DEBUG] 2022-02-13 18:01:25.775 [main] PropertySourcesPropertyResolver - Found key 'username' in PropertySource 'systemEnvironment' with value of type String
[DEBUG] 2022-02-13 18:01:25.782 [main] PropertySourcesPropertyResolver - Found key 'password' in PropertySource 'class path resource [application.properties]' with value of type String
[DEBUG] 2022-02-13 18:01:25.782 [main] PropertySourcesPropertyResolver - Found key 'url' in PropertySource 'class path resource [application.properties]' with value of type String
[DEBUG] 2022-02-13 18:01:25.783 [main] PropertySourcesPropertyResolver - Found key 'packagesToScan' in PropertySource 'class path resource [application.properties]' with value of type String
[DEBUG] 2022-02-13 18:01:25.783 [main] DefaultListableBeanFactory - Creating shared instance of singleton bean 'interactive'
[DEBUG] 2022-02-13 18:01:25.788 [main] DefaultListableBeanFactory - Creating shared instance of singleton bean 'bankMenuInteractive'
[DEBUG] 2022-02-13 18:01:25.798 [main] DefaultListableBeanFactory - Creating shared instance of singleton bean 'bankService'
[WARN ] 2022-02-13 18:01:25.806 [main] AnnotationConfigApplicationContext - Exception encountered during context initialization - cancelling refresh attempt: org.springframework.beans.factory.UnsatisfiedDependencyException: Error creating bean with name 'interactive': Unsatisfied dependency expressed through field 'bankMenuInteractive'; nested exception is org.springframework.beans.factory.UnsatisfiedDependencyException: Error creating bean with name 'bankMenuInteractive' defined in file [D:\JavaProjects\intexsoft-test-task\target\classes\by\ganevich\io\subinteractive\BankMenuInteractive.class]: Unsatisfied dependency expressed through constructor parameter 0; nested exception is org.springframework.beans.factory.UnsatisfiedDependencyException: Error creating bean with name 'bankService' defined in file [D:\JavaProjects\intexsoft-test-task\target\classes\by\ganevich\service\BankService.class]: Unsatisfied dependency expressed through constructor parameter 0; nested exception is org.springframework.beans.factory.NoSuchBeanDefinitionException: No qualifying bean of type 'by.ganevich.repository.BankRepository' available: expected at least 1 bean which qualifies as autowire candidate. Dependency annotations: {}
[DEBUG] 2022-02-13 18:02:14.001 [main] AnnotationConfigApplicationContext - Refreshing org.springframework.context.annotation.AnnotationConfigApplicationContext@67b467e9
[DEBUG] 2022-02-13 18:02:14.015 [main] DefaultListableBeanFactory - Creating shared instance of singleton bean 'org.springframework.context.annotation.internalConfigurationAnnotationProcessor'
[DEBUG] 2022-02-13 18:02:14.088 [main] ClassPathBeanDefinitionScanner - Identified candidate component class: file [D:\JavaProjects\intexsoft-test-task\target\classes\by\ganevich\config\DatabaseConfig.class]
[DEBUG] 2022-02-13 18:02:14.098 [main] ClassPathBeanDefinitionScanner - Identified candidate component class: file [D:\JavaProjects\intexsoft-test-task\target\classes\by\ganevich\io\Interactive.class]
[DEBUG] 2022-02-13 18:02:14.100 [main] ClassPathBeanDefinitionScanner - Identified candidate component class: file [D:\JavaProjects\intexsoft-test-task\target\classes\by\ganevich\io\subinteractive\BankMenuInteractive.class]
[DEBUG] 2022-02-13 18:02:14.105 [main] ClassPathBeanDefinitionScanner - Ignored because not a concrete top-level class: file [D:\JavaProjects\intexsoft-test-task\target\classes\by\ganevich\repository\BankAccountRepository.class]
[DEBUG] 2022-02-13 18:02:14.106 [main] ClassPathBeanDefinitionScanner - Ignored because not a concrete top-level class: file [D:\JavaProjects\intexsoft-test-task\target\classes\by\ganevich\repository\ClientRepository.class]
[DEBUG] 2022-02-13 18:02:14.107 [main] ClassPathBeanDefinitionScanner - Ignored because not a concrete top-level class: file [D:\JavaProjects\intexsoft-test-task\target\classes\by\ganevich\repository\TransactionRepository.class]
[DEBUG] 2022-02-13 18:02:14.109 [main] ClassPathBeanDefinitionScanner - Identified candidate component class: file [D:\JavaProjects\intexsoft-test-task\target\classes\by\ganevich\service\BankService.class]
[DEBUG] 2022-02-13 18:02:14.218 [main] DefaultListableBeanFactory - Creating shared instance of singleton bean 'org.springframework.context.event.internalEventListenerProcessor'
[DEBUG] 2022-02-13 18:02:14.220 [main] DefaultListableBeanFactory - Creating shared instance of singleton bean 'org.springframework.context.event.internalEventListenerFactory'
[DEBUG] 2022-02-13 18:02:14.223 [main] DefaultListableBeanFactory - Creating shared instance of singleton bean 'org.springframework.context.annotation.internalAutowiredAnnotationProcessor'
[DEBUG] 2022-02-13 18:02:14.225 [main] DefaultListableBeanFactory - Creating shared instance of singleton bean 'org.springframework.context.annotation.internalCommonAnnotationProcessor'
[DEBUG] 2022-02-13 18:02:14.229 [main] DefaultListableBeanFactory - Creating shared instance of singleton bean 'org.springframework.context.annotation.internalPersistenceAnnotationProcessor'
[DEBUG] 2022-02-13 18:02:14.233 [main] DefaultListableBeanFactory - Creating shared instance of singleton bean 'application'
[DEBUG] 2022-02-13 18:02:14.239 [main] DefaultListableBeanFactory - Creating shared instance of singleton bean 'databaseConfig'
[DEBUG] 2022-02-13 18:02:14.246 [main] SystemEnvironmentPropertySource - PropertySource 'systemEnvironment' does not contain property 'username', but found equivalent 'USERNAME'
[DEBUG] 2022-02-13 18:02:14.246 [main] PropertySourcesPropertyResolver - Found key 'username' in PropertySource 'systemEnvironment' with value of type String
[DEBUG] 2022-02-13 18:02:14.248 [main] PropertySourcesPropertyResolver - Found key 'password' in PropertySource 'class path resource [application.properties]' with value of type String
[DEBUG] 2022-02-13 18:02:14.249 [main] PropertySourcesPropertyResolver - Found key 'url' in PropertySource 'class path resource [application.properties]' with value of type String
[DEBUG] 2022-02-13 18:02:14.249 [main] PropertySourcesPropertyResolver - Found key 'packagesToScan' in PropertySource 'class path resource [application.properties]' with value of type String
[DEBUG] 2022-02-13 18:02:14.249 [main] DefaultListableBeanFactory - Creating shared instance of singleton bean 'interactive'
[DEBUG] 2022-02-13 18:02:14.252 [main] DefaultListableBeanFactory - Creating shared instance of singleton bean 'bankMenuInteractive'
[DEBUG] 2022-02-13 18:02:14.260 [main] DefaultListableBeanFactory - Creating shared instance of singleton bean 'bankService'
[WARN ] 2022-02-13 18:02:14.267 [main] AnnotationConfigApplicationContext - Exception encountered during context initialization - cancelling refresh attempt: org.springframework.beans.factory.UnsatisfiedDependencyException: Error creating bean with name 'interactive': Unsatisfied dependency expressed through field 'bankMenuInteractive'; nested exception is org.springframework.beans.factory.UnsatisfiedDependencyException: Error creating bean with name 'bankMenuInteractive' defined in file [D:\JavaProjects\intexsoft-test-task\target\classes\by\ganevich\io\subinteractive\BankMenuInteractive.class]: Unsatisfied dependency expressed through constructor parameter 0; nested exception is org.springframework.beans.factory.UnsatisfiedDependencyException: Error creating bean with name 'bankService' defined in file [D:\JavaProjects\intexsoft-test-task\target\classes\by\ganevich\service\BankService.class]: Unsatisfied dependency expressed through constructor parameter 0; nested exception is org.springframework.beans.factory.NoSuchBeanDefinitionException: No qualifying bean of type 'by.ganevich.repository.BankRepository' available: expected at least 1 bean which qualifies as autowire candidate. Dependency annotations: {}
[DEBUG] 2022-02-13 18:04:05.413 [main] AnnotationConfigApplicationContext - Refreshing org.springframework.context.annotation.AnnotationConfigApplicationContext@67b467e9
[DEBUG] 2022-02-13 18:04:05.429 [main] DefaultListableBeanFactory - Creating shared instance of singleton bean 'org.springframework.context.annotation.internalConfigurationAnnotationProcessor'
[DEBUG] 2022-02-13 18:04:05.495 [main] ClassPathBeanDefinitionScanner - Identified candidate component class: file [D:\JavaProjects\intexsoft-test-task\target\classes\by\ganevich\config\DatabaseConfig.class]
[DEBUG] 2022-02-13 18:04:05.503 [main] ClassPathBeanDefinitionScanner - Identified candidate component class: file [D:\JavaProjects\intexsoft-test-task\target\classes\by\ganevich\io\Interactive.class]
[DEBUG] 2022-02-13 18:04:05.504 [main] ClassPathBeanDefinitionScanner - Identified candidate component class: file [D:\JavaProjects\intexsoft-test-task\target\classes\by\ganevich\io\subinteractive\BankMenuInteractive.class]
[DEBUG] 2022-02-13 18:04:05.510 [main] ClassPathBeanDefinitionScanner - Ignored because not a concrete top-level class: file [D:\JavaProjects\intexsoft-test-task\target\classes\by\ganevich\repository\BankAccountRepository.class]
[DEBUG] 2022-02-13 18:04:05.512 [main] ClassPathBeanDefinitionScanner - Ignored because not a concrete top-level class: file [D:\JavaProjects\intexsoft-test-task\target\classes\by\ganevich\repository\ClientRepository.class]
[DEBUG] 2022-02-13 18:04:05.513 [main] ClassPathBeanDefinitionScanner - Ignored because not a concrete top-level class: file [D:\JavaProjects\intexsoft-test-task\target\classes\by\ganevich\repository\TransactionRepository.class]
[DEBUG] 2022-02-13 18:04:05.514 [main] ClassPathBeanDefinitionScanner - Identified candidate component class: file [D:\JavaProjects\intexsoft-test-task\target\classes\by\ganevich\service\BankService.class]
[DEBUG] 2022-02-13 18:04:05.622 [main] DefaultListableBeanFactory - Creating shared instance of singleton bean 'org.springframework.context.event.internalEventListenerProcessor'
[DEBUG] 2022-02-13 18:04:05.625 [main] DefaultListableBeanFactory - Creating shared instance of singleton bean 'org.springframework.context.event.internalEventListenerFactory'
[DEBUG] 2022-02-13 18:04:05.628 [main] DefaultListableBeanFactory - Creating shared instance of singleton bean 'org.springframework.context.annotation.internalAutowiredAnnotationProcessor'
[DEBUG] 2022-02-13 18:04:05.630 [main] DefaultListableBeanFactory - Creating shared instance of singleton bean 'org.springframework.context.annotation.internalCommonAnnotationProcessor'
[DEBUG] 2022-02-13 18:04:05.634 [main] DefaultListableBeanFactory - Creating shared instance of singleton bean 'org.springframework.context.annotation.internalPersistenceAnnotationProcessor'
[DEBUG] 2022-02-13 18:04:05.638 [main] DefaultListableBeanFactory - Creating shared instance of singleton bean 'application'
[DEBUG] 2022-02-13 18:04:05.644 [main] DefaultListableBeanFactory - Creating shared instance of singleton bean 'databaseConfig'
[DEBUG] 2022-02-13 18:04:05.652 [main] SystemEnvironmentPropertySource - PropertySource 'systemEnvironment' does not contain property 'username', but found equivalent 'USERNAME'
[DEBUG] 2022-02-13 18:04:05.652 [main] PropertySourcesPropertyResolver - Found key 'username' in PropertySource 'systemEnvironment' with value of type String
[DEBUG] 2022-02-13 18:04:05.654 [main] PropertySourcesPropertyResolver - Found key 'password' in PropertySource 'class path resource [application.properties]' with value of type String
[DEBUG] 2022-02-13 18:04:05.654 [main] PropertySourcesPropertyResolver - Found key 'url' in PropertySource 'class path resource [application.properties]' with value of type String
[DEBUG] 2022-02-13 18:04:05.655 [main] PropertySourcesPropertyResolver - Found key 'packagesToScan' in PropertySource 'class path resource [application.properties]' with value of type String
[DEBUG] 2022-02-13 18:04:05.655 [main] DefaultListableBeanFactory - Creating shared instance of singleton bean 'interactive'
[DEBUG] 2022-02-13 18:04:05.659 [main] DefaultListableBeanFactory - Creating shared instance of singleton bean 'bankMenuInteractive'
[DEBUG] 2022-02-13 18:04:05.666 [main] DefaultListableBeanFactory - Creating shared instance of singleton bean 'bankService'
[WARN ] 2022-02-13 18:04:05.673 [main] AnnotationConfigApplicationContext - Exception encountered during context initialization - cancelling refresh attempt: org.springframework.beans.factory.UnsatisfiedDependencyException: Error creating bean with name 'interactive': Unsatisfied dependency expressed through field 'bankMenuInteractive'; nested exception is org.springframework.beans.factory.UnsatisfiedDependencyException: Error creating bean with name 'bankMenuInteractive' defined in file [D:\JavaProjects\intexsoft-test-task\target\classes\by\ganevich\io\subinteractive\BankMenuInteractive.class]: Unsatisfied dependency expressed through constructor parameter 0; nested exception is org.springframework.beans.factory.UnsatisfiedDependencyException: Error creating bean with name 'bankService' defined in file [D:\JavaProjects\intexsoft-test-task\target\classes\by\ganevich\service\BankService.class]: Unsatisfied dependency expressed through constructor parameter 0; nested exception is org.springframework.beans.factory.NoSuchBeanDefinitionException: No qualifying bean of type 'by.ganevich.repository.BankRepository' available: expected at least 1 bean which qualifies as autowire candidate. Dependency annotations: {}
[DEBUG] 2022-02-13 18:06:01.052 [main] AnnotationConfigApplicationContext - Refreshing org.springframework.context.annotation.AnnotationConfigApplicationContext@67b467e9
[DEBUG] 2022-02-13 18:06:01.070 [main] DefaultListableBeanFactory - Creating shared instance of singleton bean 'org.springframework.context.annotation.internalConfigurationAnnotationProcessor'
[DEBUG] 2022-02-13 18:06:01.139 [main] ClassPathBeanDefinitionScanner - Identified candidate component class: file [D:\JavaProjects\intexsoft-test-task\target\classes\by\ganevich\config\DatabaseConfig.class]
[DEBUG] 2022-02-13 18:06:01.146 [main] ClassPathBeanDefinitionScanner - Identified candidate component class: file [D:\JavaProjects\intexsoft-test-task\target\classes\by\ganevich\io\Interactive.class]
[DEBUG] 2022-02-13 18:06:01.148 [main] ClassPathBeanDefinitionScanner - Identified candidate component class: file [D:\JavaProjects\intexsoft-test-task\target\classes\by\ganevich\io\subinteractive\BankMenuInteractive.class]
[DEBUG] 2022-02-13 18:06:01.152 [main] ClassPathBeanDefinitionScanner - Ignored because not a concrete top-level class: file [D:\JavaProjects\intexsoft-test-task\target\classes\by\ganevich\repository\BankAccountRepository.class]
[DEBUG] 2022-02-13 18:06:01.153 [main] ClassPathBeanDefinitionScanner - Ignored because not a concrete top-level class: file [D:\JavaProjects\intexsoft-test-task\target\classes\by\ganevich\repository\ClientRepository.class]
[DEBUG] 2022-02-13 18:06:01.154 [main] ClassPathBeanDefinitionScanner - Ignored because not a concrete top-level class: file [D:\JavaProjects\intexsoft-test-task\target\classes\by\ganevich\repository\TransactionRepository.class]
[DEBUG] 2022-02-13 18:06:01.155 [main] ClassPathBeanDefinitionScanner - Identified candidate component class: file [D:\JavaProjects\intexsoft-test-task\target\classes\by\ganevich\service\BankService.class]
[DEBUG] 2022-02-13 18:06:01.266 [main] DefaultListableBeanFactory - Creating shared instance of singleton bean 'org.springframework.context.event.internalEventListenerProcessor'
[DEBUG] 2022-02-13 18:06:01.269 [main] DefaultListableBeanFactory - Creating shared instance of singleton bean 'org.springframework.context.event.internalEventListenerFactory'
[DEBUG] 2022-02-13 18:06:01.271 [main] DefaultListableBeanFactory - Creating shared instance of singleton bean 'org.springframework.context.annotation.internalAutowiredAnnotationProcessor'
[DEBUG] 2022-02-13 18:06:01.273 [main] DefaultListableBeanFactory - Creating shared instance of singleton bean 'org.springframework.context.annotation.internalCommonAnnotationProcessor'
[DEBUG] 2022-02-13 18:06:01.277 [main] DefaultListableBeanFactory - Creating shared instance of singleton bean 'org.springframework.context.annotation.internalPersistenceAnnotationProcessor'
[DEBUG] 2022-02-13 18:06:01.281 [main] DefaultListableBeanFactory - Creating shared instance of singleton bean 'application'
[DEBUG] 2022-02-13 18:06:01.287 [main] DefaultListableBeanFactory - Creating shared instance of singleton bean 'databaseConfig'
[DEBUG] 2022-02-13 18:06:01.295 [main] SystemEnvironmentPropertySource - PropertySource 'systemEnvironment' does not contain property 'username', but found equivalent 'USERNAME'
[DEBUG] 2022-02-13 18:06:01.296 [main] PropertySourcesPropertyResolver - Found key 'username' in PropertySource 'systemEnvironment' with value of type String
[DEBUG] 2022-02-13 18:06:01.298 [main] PropertySourcesPropertyResolver - Found key 'password' in PropertySource 'class path resource [application.properties]' with value of type String
[DEBUG] 2022-02-13 18:06:01.298 [main] PropertySourcesPropertyResolver - Found key 'url' in PropertySource 'class path resource [application.properties]' with value of type String
[DEBUG] 2022-02-13 18:06:01.299 [main] PropertySourcesPropertyResolver - Found key 'packagesToScan' in PropertySource 'class path resource [application.properties]' with value of type String
[DEBUG] 2022-02-13 18:06:01.299 [main] DefaultListableBeanFactory - Creating shared instance of singleton bean 'interactive'
[DEBUG] 2022-02-13 18:06:01.303 [main] DefaultListableBeanFactory - Creating shared instance of singleton bean 'bankMenuInteractive'
[DEBUG] 2022-02-13 18:06:01.310 [main] DefaultListableBeanFactory - Creating shared instance of singleton bean 'bankService'
[WARN ] 2022-02-13 18:06:01.319 [main] AnnotationConfigApplicationContext - Exception encountered during context initialization - cancelling refresh attempt: org.springframework.beans.factory.UnsatisfiedDependencyException: Error creating bean with name 'interactive': Unsatisfied dependency expressed through field 'bankMenuInteractive'; nested exception is org.springframework.beans.factory.UnsatisfiedDependencyException: Error creating bean with name 'bankMenuInteractive' defined in file [D:\JavaProjects\intexsoft-test-task\target\classes\by\ganevich\io\subinteractive\BankMenuInteractive.class]: Unsatisfied dependency expressed through constructor parameter 0; nested exception is org.springframework.beans.factory.UnsatisfiedDependencyException: Error creating bean with name 'bankService' defined in file [D:\JavaProjects\intexsoft-test-task\target\classes\by\ganevich\service\BankService.class]: Unsatisfied dependency expressed through constructor parameter 0; nested exception is org.springframework.beans.factory.NoSuchBeanDefinitionException: No qualifying bean of type 'by.ganevich.repository.BankRepository' available: expected at least 1 bean which qualifies as autowire candidate. Dependency annotations: {}
[DEBUG] 2022-02-13 18:08:29.391 [main] AnnotationConfigApplicationContext - Refreshing org.springframework.context.annotation.AnnotationConfigApplicationContext@67b467e9
[DEBUG] 2022-02-13 18:08:29.407 [main] DefaultListableBeanFactory - Creating shared instance of singleton bean 'org.springframework.context.annotation.internalConfigurationAnnotationProcessor'
[DEBUG] 2022-02-13 18:08:29.479 [main] ClassPathBeanDefinitionScanner - Identified candidate component class: file [D:\JavaProjects\intexsoft-test-task\target\classes\by\ganevich\config\DatabaseConfig.class]
[DEBUG] 2022-02-13 18:08:29.484 [main] ClassPathBeanDefinitionScanner - Identified candidate component class: file [D:\JavaProjects\intexsoft-test-task\target\classes\by\ganevich\io\Interactive.class]
[DEBUG] 2022-02-13 18:08:29.485 [main] ClassPathBeanDefinitionScanner - Identified candidate component class: file [D:\JavaProjects\intexsoft-test-task\target\classes\by\ganevich\io\subinteractive\BankMenuInteractive.class]
[DEBUG] 2022-02-13 18:08:29.489 [main] ClassPathBeanDefinitionScanner - Ignored because not a concrete top-level class: file [D:\JavaProjects\intexsoft-test-task\target\classes\by\ganevich\repository\BankAccountRepository.class]
[DEBUG] 2022-02-13 18:08:29.490 [main] ClassPathBeanDefinitionScanner - Ignored because not a concrete top-level class: file [D:\JavaProjects\intexsoft-test-task\target\classes\by\ganevich\repository\ClientRepository.class]
[DEBUG] 2022-02-13 18:08:29.491 [main] ClassPathBeanDefinitionScanner - Ignored because not a concrete top-level class: file [D:\JavaProjects\intexsoft-test-task\target\classes\by\ganevich\repository\TransactionRepository.class]
[DEBUG] 2022-02-13 18:08:29.492 [main] ClassPathBeanDefinitionScanner - Identified candidate component class: file [D:\JavaProjects\intexsoft-test-task\target\classes\by\ganevich\service\BankService.class]
[DEBUG] 2022-02-13 18:08:29.600 [main] DefaultListableBeanFactory - Creating shared instance of singleton bean 'org.springframework.context.event.internalEventListenerProcessor'
[DEBUG] 2022-02-13 18:08:29.602 [main] DefaultListableBeanFactory - Creating shared instance of singleton bean 'org.springframework.context.event.internalEventListenerFactory'
[DEBUG] 2022-02-13 18:08:29.603 [main] DefaultListableBeanFactory - Creating shared instance of singleton bean 'org.springframework.context.annotation.internalAutowiredAnnotationProcessor'
[DEBUG] 2022-02-13 18:08:29.605 [main] DefaultListableBeanFactory - Creating shared instance of singleton bean 'org.springframework.context.annotation.internalCommonAnnotationProcessor'
[DEBUG] 2022-02-13 18:08:29.609 [main] DefaultListableBeanFactory - Creating shared instance of singleton bean 'org.springframework.context.annotation.internalPersistenceAnnotationProcessor'
[DEBUG] 2022-02-13 18:08:29.613 [main] DefaultListableBeanFactory - Creating shared instance of singleton bean 'application'
[DEBUG] 2022-02-13 18:08:29.619 [main] DefaultListableBeanFactory - Creating shared instance of singleton bean 'databaseConfig'
[DEBUG] 2022-02-13 18:08:29.626 [main] SystemEnvironmentPropertySource - PropertySource 'systemEnvironment' does not contain property 'username', but found equivalent 'USERNAME'
[DEBUG] 2022-02-13 18:08:29.626 [main] PropertySourcesPropertyResolver - Found key 'username' in PropertySource 'systemEnvironment' with value of type String
[DEBUG] 2022-02-13 18:08:29.629 [main] PropertySourcesPropertyResolver - Found key 'password' in PropertySource 'class path resource [application.properties]' with value of type String
[DEBUG] 2022-02-13 18:08:29.629 [main] PropertySourcesPropertyResolver - Found key 'url' in PropertySource 'class path resource [application.properties]' with value of type String
[DEBUG] 2022-02-13 18:08:29.629 [main] PropertySourcesPropertyResolver - Found key 'packagesToScan' in PropertySource 'class path resource [application.properties]' with value of type String
[DEBUG] 2022-02-13 18:08:29.629 [main] DefaultListableBeanFactory - Creating shared instance of singleton bean 'interactive'
[DEBUG] 2022-02-13 18:08:29.633 [main] DefaultListableBeanFactory - Creating shared instance of singleton bean 'bankMenuInteractive'
[DEBUG] 2022-02-13 18:08:29.640 [main] DefaultListableBeanFactory - Creating shared instance of singleton bean 'bankService'
[WARN ] 2022-02-13 18:08:29.649 [main] AnnotationConfigApplicationContext - Exception encountered during context initialization - cancelling refresh attempt: org.springframework.beans.factory.UnsatisfiedDependencyException: Error creating bean with name 'interactive': Unsatisfied dependency expressed through field 'bankMenuInteractive'; nested exception is org.springframework.beans.factory.UnsatisfiedDependencyException: Error creating bean with name 'bankMenuInteractive' defined in file [D:\JavaProjects\intexsoft-test-task\target\classes\by\ganevich\io\subinteractive\BankMenuInteractive.class]: Unsatisfied dependency expressed through constructor parameter 0; nested exception is org.springframework.beans.factory.UnsatisfiedDependencyException: Error creating bean with name 'bankService' defined in file [D:\JavaProjects\intexsoft-test-task\target\classes\by\ganevich\service\BankService.class]: Unsatisfied dependency expressed through constructor parameter 0; nested exception is org.springframework.beans.factory.NoSuchBeanDefinitionException: No qualifying bean of type 'by.ganevich.repository.BankRepository' available: expected at least 1 bean which qualifies as autowire candidate. Dependency annotations: {}
[DEBUG] 2022-02-13 18:09:20.042 [main] AnnotationConfigApplicationContext - Refreshing org.springframework.context.annotation.AnnotationConfigApplicationContext@67b467e9
[DEBUG] 2022-02-13 18:09:20.059 [main] DefaultListableBeanFactory - Creating shared instance of singleton bean 'org.springframework.context.annotation.internalConfigurationAnnotationProcessor'
[DEBUG] 2022-02-13 18:09:20.131 [main] ClassPathBeanDefinitionScanner - Identified candidate component class: file [D:\JavaProjects\intexsoft-test-task\target\classes\by\ganevich\config\DatabaseConfig.class]
[DEBUG] 2022-02-13 18:09:20.138 [main] ClassPathBeanDefinitionScanner - Identified candidate component class: file [D:\JavaProjects\intexsoft-test-task\target\classes\by\ganevich\io\Interactive.class]
[DEBUG] 2022-02-13 18:09:20.139 [main] ClassPathBeanDefinitionScanner - Identified candidate component class: file [D:\JavaProjects\intexsoft-test-task\target\classes\by\ganevich\io\subinteractive\BankMenuInteractive.class]
[DEBUG] 2022-02-13 18:09:20.144 [main] ClassPathBeanDefinitionScanner - Ignored because not a concrete top-level class: file [D:\JavaProjects\intexsoft-test-task\target\classes\by\ganevich\repository\BankAccountRepository.class]
[DEBUG] 2022-02-13 18:09:20.145 [main] ClassPathBeanDefinitionScanner - Ignored because not a concrete top-level class: file [D:\JavaProjects\intexsoft-test-task\target\classes\by\ganevich\repository\BankRepository.class]
[DEBUG] 2022-02-13 18:09:20.146 [main] ClassPathBeanDefinitionScanner - Ignored because not a concrete top-level class: file [D:\JavaProjects\intexsoft-test-task\target\classes\by\ganevich\repository\ClientRepository.class]
[DEBUG] 2022-02-13 18:09:20.147 [main] ClassPathBeanDefinitionScanner - Ignored because not a concrete top-level class: file [D:\JavaProjects\intexsoft-test-task\target\classes\by\ganevich\repository\TransactionRepository.class]
[DEBUG] 2022-02-13 18:09:20.149 [main] ClassPathBeanDefinitionScanner - Identified candidate component class: file [D:\JavaProjects\intexsoft-test-task\target\classes\by\ganevich\service\BankService.class]
[DEBUG] 2022-02-13 18:09:20.258 [main] DefaultListableBeanFactory - Creating shared instance of singleton bean 'org.springframework.context.event.internalEventListenerProcessor'
[DEBUG] 2022-02-13 18:09:20.262 [main] DefaultListableBeanFactory - Creating shared instance of singleton bean 'org.springframework.context.event.internalEventListenerFactory'
[DEBUG] 2022-02-13 18:09:20.264 [main] DefaultListableBeanFactory - Creating shared instance of singleton bean 'org.springframework.context.annotation.internalAutowiredAnnotationProcessor'
[DEBUG] 2022-02-13 18:09:20.266 [main] DefaultListableBeanFactory - Creating shared instance of singleton bean 'org.springframework.context.annotation.internalCommonAnnotationProcessor'
[DEBUG] 2022-02-13 18:09:20.271 [main] DefaultListableBeanFactory - Creating shared instance of singleton bean 'org.springframework.context.annotation.internalPersistenceAnnotationProcessor'
[DEBUG] 2022-02-13 18:09:20.275 [main] DefaultListableBeanFactory - Creating shared instance of singleton bean 'application'
[DEBUG] 2022-02-13 18:09:20.281 [main] DefaultListableBeanFactory - Creating shared instance of singleton bean 'databaseConfig'
[DEBUG] 2022-02-13 18:09:20.289 [main] SystemEnvironmentPropertySource - PropertySource 'systemEnvironment' does not contain property 'username', but found equivalent 'USERNAME'
[DEBUG] 2022-02-13 18:09:20.289 [main] PropertySourcesPropertyResolver - Found key 'username' in PropertySource 'systemEnvironment' with value of type String
[DEBUG] 2022-02-13 18:09:20.291 [main] PropertySourcesPropertyResolver - Found key 'password' in PropertySource 'class path resource [application.properties]' with value of type String
[DEBUG] 2022-02-13 18:09:20.291 [main] PropertySourcesPropertyResolver - Found key 'url' in PropertySource 'class path resource [application.properties]' with value of type String
[DEBUG] 2022-02-13 18:09:20.292 [main] PropertySourcesPropertyResolver - Found key 'packagesToScan' in PropertySource 'class path resource [application.properties]' with value of type String
[DEBUG] 2022-02-13 18:09:20.292 [main] DefaultListableBeanFactory - Creating shared instance of singleton bean 'interactive'
[DEBUG] 2022-02-13 18:09:20.296 [main] DefaultListableBeanFactory - Creating shared instance of singleton bean 'bankMenuInteractive'
[DEBUG] 2022-02-13 18:09:20.303 [main] DefaultListableBeanFactory - Creating shared instance of singleton bean 'bankService'
[WARN ] 2022-02-13 18:09:20.309 [main] AnnotationConfigApplicationContext - Exception encountered during context initialization - cancelling refresh attempt: org.springframework.beans.factory.UnsatisfiedDependencyException: Error creating bean with name 'interactive': Unsatisfied dependency expressed through field 'bankMenuInteractive'; nested exception is org.springframework.beans.factory.UnsatisfiedDependencyException: Error creating bean with name 'bankMenuInteractive' defined in file [D:\JavaProjects\intexsoft-test-task\target\classes\by\ganevich\io\subinteractive\BankMenuInteractive.class]: Unsatisfied dependency expressed through constructor parameter 0; nested exception is org.springframework.beans.factory.UnsatisfiedDependencyException: Error creating bean with name 'bankService' defined in file [D:\JavaProjects\intexsoft-test-task\target\classes\by\ganevich\service\BankService.class]: Unsatisfied dependency expressed through constructor parameter 0; nested exception is org.springframework.beans.factory.NoSuchBeanDefinitionException: No qualifying bean of type 'by.ganevich.repository.BankRepository' available: expected at least 1 bean which qualifies as autowire candidate. Dependency annotations: {}
[DEBUG] 2022-02-13 18:09:54.218 [main] AnnotationConfigApplicationContext - Refreshing org.springframework.context.annotation.AnnotationConfigApplicationContext@67b467e9
[DEBUG] 2022-02-13 18:09:54.234 [main] DefaultListableBeanFactory - Creating shared instance of singleton bean 'org.springframework.context.annotation.internalConfigurationAnnotationProcessor'
[DEBUG] 2022-02-13 18:09:54.302 [main] ClassPathBeanDefinitionScanner - Identified candidate component class: file [D:\JavaProjects\intexsoft-test-task\target\classes\by\ganevich\config\DatabaseConfig.class]
[DEBUG] 2022-02-13 18:09:54.309 [main] ClassPathBeanDefinitionScanner - Identified candidate component class: file [D:\JavaProjects\intexsoft-test-task\target\classes\by\ganevich\io\Interactive.class]
[DEBUG] 2022-02-13 18:09:54.310 [main] ClassPathBeanDefinitionScanner - Identified candidate component class: file [D:\JavaProjects\intexsoft-test-task\target\classes\by\ganevich\io\subinteractive\BankMenuInteractive.class]
[DEBUG] 2022-02-13 18:09:54.315 [main] ClassPathBeanDefinitionScanner - Ignored because not a concrete top-level class: file [D:\JavaProjects\intexsoft-test-task\target\classes\by\ganevich\repository\BankAccountRepository.class]
[DEBUG] 2022-02-13 18:09:54.316 [main] ClassPathBeanDefinitionScanner - Ignored because not a concrete top-level class: file [D:\JavaProjects\intexsoft-test-task\target\classes\by\ganevich\repository\BankRepository.class]
[DEBUG] 2022-02-13 18:09:54.317 [main] ClassPathBeanDefinitionScanner - Ignored because not a concrete top-level class: file [D:\JavaProjects\intexsoft-test-task\target\classes\by\ganevich\repository\ClientRepository.class]
[DEBUG] 2022-02-13 18:09:54.318 [main] ClassPathBeanDefinitionScanner - Ignored because not a concrete top-level class: file [D:\JavaProjects\intexsoft-test-task\target\classes\by\ganevich\repository\TransactionRepository.class]
[DEBUG] 2022-02-13 18:09:54.320 [main] ClassPathBeanDefinitionScanner - Identified candidate component class: file [D:\JavaProjects\intexsoft-test-task\target\classes\by\ganevich\service\BankService.class]
[DEBUG] 2022-02-13 18:09:54.433 [main] DefaultListableBeanFactory - Creating shared instance of singleton bean 'org.springframework.context.event.internalEventListenerProcessor'
[DEBUG] 2022-02-13 18:09:54.436 [main] DefaultListableBeanFactory - Creating shared instance of singleton bean 'org.springframework.context.event.internalEventListenerFactory'
[DEBUG] 2022-02-13 18:09:54.437 [main] DefaultListableBeanFactory - Creating shared instance of singleton bean 'org.springframework.context.annotation.internalAutowiredAnnotationProcessor'
[DEBUG] 2022-02-13 18:09:54.439 [main] DefaultListableBeanFactory - Creating shared instance of singleton bean 'org.springframework.context.annotation.internalCommonAnnotationProcessor'
[DEBUG] 2022-02-13 18:09:54.442 [main] DefaultListableBeanFactory - Creating shared instance of singleton bean 'org.springframework.context.annotation.internalPersistenceAnnotationProcessor'
[DEBUG] 2022-02-13 18:09:54.448 [main] DefaultListableBeanFactory - Creating shared instance of singleton bean 'application'
[DEBUG] 2022-02-13 18:09:54.453 [main] DefaultListableBeanFactory - Creating shared instance of singleton bean 'databaseConfig'
[DEBUG] 2022-02-13 18:09:54.461 [main] SystemEnvironmentPropertySource - PropertySource 'systemEnvironment' does not contain property 'username', but found equivalent 'USERNAME'
[DEBUG] 2022-02-13 18:09:54.461 [main] PropertySourcesPropertyResolver - Found key 'username' in PropertySource 'systemEnvironment' with value of type String
[DEBUG] 2022-02-13 18:09:54.464 [main] PropertySourcesPropertyResolver - Found key 'password' in PropertySource 'class path resource [application.properties]' with value of type String
[DEBUG] 2022-02-13 18:09:54.464 [main] PropertySourcesPropertyResolver - Found key 'url' in PropertySource 'class path resource [application.properties]' with value of type String
[DEBUG] 2022-02-13 18:09:54.465 [main] PropertySourcesPropertyResolver - Found key 'packagesToScan' in PropertySource 'class path resource [application.properties]' with value of type String
[DEBUG] 2022-02-13 18:09:54.465 [main] DefaultListableBeanFactory - Creating shared instance of singleton bean 'interactive'
[DEBUG] 2022-02-13 18:09:54.469 [main] DefaultListableBeanFactory - Creating shared instance of singleton bean 'bankMenuInteractive'
[DEBUG] 2022-02-13 18:09:54.476 [main] DefaultListableBeanFactory - Creating shared instance of singleton bean 'bankService'
[WARN ] 2022-02-13 18:09:54.484 [main] AnnotationConfigApplicationContext - Exception encountered during context initialization - cancelling refresh attempt: org.springframework.beans.factory.UnsatisfiedDependencyException: Error creating bean with name 'interactive': Unsatisfied dependency expressed through field 'bankMenuInteractive'; nested exception is org.springframework.beans.factory.UnsatisfiedDependencyException: Error creating bean with name 'bankMenuInteractive' defined in file [D:\JavaProjects\intexsoft-test-task\target\classes\by\ganevich\io\subinteractive\BankMenuInteractive.class]: Unsatisfied dependency expressed through constructor parameter 0; nested exception is org.springframework.beans.factory.UnsatisfiedDependencyException: Error creating bean with name 'bankService' defined in file [D:\JavaProjects\intexsoft-test-task\target\classes\by\ganevich\service\BankService.class]: Unsatisfied dependency expressed through constructor parameter 0; nested exception is org.springframework.beans.factory.NoSuchBeanDefinitionException: No qualifying bean of type 'by.ganevich.repository.BankRepository' available: expected at least 1 bean which qualifies as autowire candidate. Dependency annotations: {}
