[DEBUG] 2022-01-27 09:33:59.918 [main] HikariConfig - HikariPool-1 - configuration:
[DEBUG] 2022-01-27 09:33:59.948 [main] HikariConfig - allowPoolSuspension.............false
[DEBUG] 2022-01-27 09:33:59.948 [main] HikariConfig - autoCommit......................true
[DEBUG] 2022-01-27 09:33:59.948 [main] HikariConfig - catalog.........................none
[DEBUG] 2022-01-27 09:33:59.948 [main] HikariConfig - connectionInitSql...............none
[DEBUG] 2022-01-27 09:33:59.948 [main] HikariConfig - connectionTestQuery.............none
[DEBUG] 2022-01-27 09:33:59.948 [main] HikariConfig - connectionTimeout...............30000
[DEBUG] 2022-01-27 09:33:59.948 [main] HikariConfig - dataSource......................none
[DEBUG] 2022-01-27 09:33:59.948 [main] HikariConfig - dataSourceClassName.............none
[DEBUG] 2022-01-27 09:33:59.948 [main] HikariConfig - dataSourceJNDI..................none
[DEBUG] 2022-01-27 09:34:00.011 [main] HikariConfig - dataSourceProperties............{password=<masked>}
[DEBUG] 2022-01-27 09:34:00.011 [main] HikariConfig - driverClassName.................none
[DEBUG] 2022-01-27 09:34:00.011 [main] HikariConfig - exceptionOverrideClassName......none
[DEBUG] 2022-01-27 09:34:00.011 [main] HikariConfig - healthCheckProperties...........{}
[DEBUG] 2022-01-27 09:34:00.011 [main] HikariConfig - healthCheckRegistry.............none
[DEBUG] 2022-01-27 09:34:00.011 [main] HikariConfig - idleTimeout.....................600000
[DEBUG] 2022-01-27 09:34:00.011 [main] HikariConfig - initializationFailTimeout.......1
[DEBUG] 2022-01-27 09:34:00.011 [main] HikariConfig - isolateInternalQueries..........false
[DEBUG] 2022-01-27 09:34:00.011 [main] HikariConfig - jdbcUrl.........................jdbc:postgresql://localhost:5432/bank-system
[DEBUG] 2022-01-27 09:34:00.011 [main] HikariConfig - leakDetectionThreshold..........0
[DEBUG] 2022-01-27 09:34:00.011 [main] HikariConfig - maxLifetime.....................1800000
[DEBUG] 2022-01-27 09:34:00.011 [main] HikariConfig - maximumPoolSize.................10
[DEBUG] 2022-01-27 09:34:00.011 [main] HikariConfig - metricRegistry..................none
[DEBUG] 2022-01-27 09:34:00.011 [main] HikariConfig - metricsTrackerFactory...........none
[DEBUG] 2022-01-27 09:34:00.011 [main] HikariConfig - minimumIdle.....................10
[DEBUG] 2022-01-27 09:34:00.011 [main] HikariConfig - password........................<masked>
[DEBUG] 2022-01-27 09:34:00.011 [main] HikariConfig - poolName........................"HikariPool-1"
[DEBUG] 2022-01-27 09:34:00.011 [main] HikariConfig - readOnly........................false
[DEBUG] 2022-01-27 09:34:00.011 [main] HikariConfig - registerMbeans..................false
[DEBUG] 2022-01-27 09:34:00.011 [main] HikariConfig - scheduledExecutor...............none
[DEBUG] 2022-01-27 09:34:00.011 [main] HikariConfig - schema..........................none
[DEBUG] 2022-01-27 09:34:00.011 [main] HikariConfig - threadFactory...................internal
[DEBUG] 2022-01-27 09:34:00.011 [main] HikariConfig - transactionIsolation............default
[DEBUG] 2022-01-27 09:34:00.011 [main] HikariConfig - username........................"postgres"
[DEBUG] 2022-01-27 09:34:00.011 [main] HikariConfig - validationTimeout...............5000
[INFO ] 2022-01-27 09:34:00.011 [main] HikariDataSource - HikariPool-1 - Starting...
[DEBUG] 2022-01-27 09:34:00.011 [main] DriverDataSource - Loaded driver with class name org.postgresql.Driver for jdbcUrl=jdbc:postgresql://localhost:5432/bank-system
[DEBUG] 2022-01-27 09:34:00.921 [main] HikariPool - HikariPool-1 - Added connection org.postgresql.jdbc.PgConnection@6150c3ec
[INFO ] 2022-01-27 09:34:00.921 [main] HikariDataSource - HikariPool-1 - Start completed.
[DEBUG] 2022-01-27 09:34:01.047 [HikariPool-1 housekeeper] HikariPool - HikariPool-1 - Pool stats (total=1, active=0, idle=1, waiting=0)
[DEBUG] 2022-01-27 09:34:01.139 [HikariPool-1 connection adder] HikariPool - HikariPool-1 - Added connection org.postgresql.jdbc.PgConnection@44e4ca4c
[DEBUG] 2022-01-27 09:34:01.233 [HikariPool-1 connection adder] HikariPool - HikariPool-1 - Added connection org.postgresql.jdbc.PgConnection@4a233ca0
[DEBUG] 2022-01-27 09:34:01.311 [HikariPool-1 connection adder] HikariPool - HikariPool-1 - Added connection org.postgresql.jdbc.PgConnection@b1e369b
[DEBUG] 2022-01-27 09:34:01.389 [HikariPool-1 connection adder] HikariPool - HikariPool-1 - Added connection org.postgresql.jdbc.PgConnection@69ca3b1e
[DEBUG] 2022-01-27 09:34:01.467 [HikariPool-1 connection adder] HikariPool - HikariPool-1 - Added connection org.postgresql.jdbc.PgConnection@3adfdcbb
[DEBUG] 2022-01-27 09:34:01.545 [HikariPool-1 connection adder] HikariPool - HikariPool-1 - Added connection org.postgresql.jdbc.PgConnection@6b31c9d4
[DEBUG] 2022-01-27 09:34:01.608 [HikariPool-1 connection adder] HikariPool - HikariPool-1 - Added connection org.postgresql.jdbc.PgConnection@539b1d67
[DEBUG] 2022-01-27 09:34:01.684 [HikariPool-1 connection adder] HikariPool - HikariPool-1 - Added connection org.postgresql.jdbc.PgConnection@176539ab
[DEBUG] 2022-01-27 09:34:01.762 [HikariPool-1 connection adder] HikariPool - HikariPool-1 - Added connection org.postgresql.jdbc.PgConnection@ae5c1bd
[DEBUG] 2022-01-27 09:34:01.762 [HikariPool-1 connection adder] HikariPool - HikariPool-1 - After adding stats (total=10, active=0, idle=10, waiting=0)
[DEBUG] 2022-01-27 09:34:31.049 [HikariPool-1 housekeeper] HikariPool - HikariPool-1 - Pool stats (total=10, active=0, idle=10, waiting=0)
[DEBUG] 2022-01-27 09:34:31.049 [HikariPool-1 housekeeper] HikariPool - HikariPool-1 - Fill pool skipped, pool is at sufficient level.
[DEBUG] 2022-01-27 09:35:01.064 [HikariPool-1 housekeeper] HikariPool - HikariPool-1 - Pool stats (total=10, active=0, idle=10, waiting=0)
[DEBUG] 2022-01-27 09:35:01.064 [HikariPool-1 housekeeper] HikariPool - HikariPool-1 - Fill pool skipped, pool is at sufficient level.
[DEBUG] 2022-01-27 09:40:53.870 [main] HikariConfig - HikariPool-1 - configuration:
[DEBUG] 2022-01-27 09:40:53.885 [main] HikariConfig - allowPoolSuspension.............false
[DEBUG] 2022-01-27 09:40:53.885 [main] HikariConfig - autoCommit......................true
[DEBUG] 2022-01-27 09:40:53.885 [main] HikariConfig - catalog.........................none
[DEBUG] 2022-01-27 09:40:53.885 [main] HikariConfig - connectionInitSql...............none
[DEBUG] 2022-01-27 09:40:53.885 [main] HikariConfig - connectionTestQuery.............none
[DEBUG] 2022-01-27 09:40:53.885 [main] HikariConfig - connectionTimeout...............30000
[DEBUG] 2022-01-27 09:40:53.885 [main] HikariConfig - dataSource......................none
[DEBUG] 2022-01-27 09:40:53.885 [main] HikariConfig - dataSourceClassName.............none
[DEBUG] 2022-01-27 09:40:53.885 [main] HikariConfig - dataSourceJNDI..................none
[DEBUG] 2022-01-27 09:40:53.932 [main] HikariConfig - dataSourceProperties............{password=<masked>}
[DEBUG] 2022-01-27 09:40:53.932 [main] HikariConfig - driverClassName.................none
[DEBUG] 2022-01-27 09:40:53.932 [main] HikariConfig - exceptionOverrideClassName......none
[DEBUG] 2022-01-27 09:40:53.932 [main] HikariConfig - healthCheckProperties...........{}
[DEBUG] 2022-01-27 09:40:53.932 [main] HikariConfig - healthCheckRegistry.............none
[DEBUG] 2022-01-27 09:40:53.932 [main] HikariConfig - idleTimeout.....................600000
[DEBUG] 2022-01-27 09:40:53.932 [main] HikariConfig - initializationFailTimeout.......1
[DEBUG] 2022-01-27 09:40:53.932 [main] HikariConfig - isolateInternalQueries..........false
[DEBUG] 2022-01-27 09:40:53.932 [main] HikariConfig - jdbcUrl.........................jdbc:postgresql://localhost:5432/bank-system
[DEBUG] 2022-01-27 09:40:53.932 [main] HikariConfig - leakDetectionThreshold..........0
[DEBUG] 2022-01-27 09:40:53.932 [main] HikariConfig - maxLifetime.....................1800000
[DEBUG] 2022-01-27 09:40:53.932 [main] HikariConfig - maximumPoolSize.................10
[DEBUG] 2022-01-27 09:40:53.932 [main] HikariConfig - metricRegistry..................none
[DEBUG] 2022-01-27 09:40:53.932 [main] HikariConfig - metricsTrackerFactory...........none
[DEBUG] 2022-01-27 09:40:53.948 [main] HikariConfig - minimumIdle.....................10
[DEBUG] 2022-01-27 09:40:53.948 [main] HikariConfig - password........................<masked>
[DEBUG] 2022-01-27 09:40:53.948 [main] HikariConfig - poolName........................"HikariPool-1"
[DEBUG] 2022-01-27 09:40:53.948 [main] HikariConfig - readOnly........................false
[DEBUG] 2022-01-27 09:40:53.948 [main] HikariConfig - registerMbeans..................false
[DEBUG] 2022-01-27 09:40:53.948 [main] HikariConfig - scheduledExecutor...............none
[DEBUG] 2022-01-27 09:40:53.948 [main] HikariConfig - schema..........................none
[DEBUG] 2022-01-27 09:40:53.948 [main] HikariConfig - threadFactory...................internal
[DEBUG] 2022-01-27 09:40:53.948 [main] HikariConfig - transactionIsolation............default
[DEBUG] 2022-01-27 09:40:53.948 [main] HikariConfig - username........................"postgres"
[DEBUG] 2022-01-27 09:40:53.948 [main] HikariConfig - validationTimeout...............5000
[INFO ] 2022-01-27 09:40:53.948 [main] HikariDataSource - HikariPool-1 - Starting...
[DEBUG] 2022-01-27 09:40:53.948 [main] DriverDataSource - Loaded driver with class name org.postgresql.Driver for jdbcUrl=jdbc:postgresql://localhost:5432/bank-system
[DEBUG] 2022-01-27 09:40:54.887 [main] HikariPool - HikariPool-1 - Added connection org.postgresql.jdbc.PgConnection@3c41ed1d
[INFO ] 2022-01-27 09:40:54.887 [main] HikariDataSource - HikariPool-1 - Start completed.
[DEBUG] 2022-01-27 09:40:55.009 [HikariPool-1 housekeeper] HikariPool - HikariPool-1 - Pool stats (total=1, active=0, idle=1, waiting=0)
[DEBUG] 2022-01-27 09:40:55.103 [HikariPool-1 connection adder] HikariPool - HikariPool-1 - Added connection org.postgresql.jdbc.PgConnection@6190c2e9
[DEBUG] 2022-01-27 09:40:55.181 [HikariPool-1 connection adder] HikariPool - HikariPool-1 - Added connection org.postgresql.jdbc.PgConnection@6f5720ab
[DEBUG] 2022-01-27 09:40:55.262 [HikariPool-1 connection adder] HikariPool - HikariPool-1 - Added connection org.postgresql.jdbc.PgConnection@2e6a2a90
[DEBUG] 2022-01-27 09:40:55.340 [HikariPool-1 connection adder] HikariPool - HikariPool-1 - Added connection org.postgresql.jdbc.PgConnection@498a223e
[DEBUG] 2022-01-27 09:40:55.420 [HikariPool-1 connection adder] HikariPool - HikariPool-1 - Added connection org.postgresql.jdbc.PgConnection@1f0e01dc
[DEBUG] 2022-01-27 09:40:55.498 [HikariPool-1 connection adder] HikariPool - HikariPool-1 - Added connection org.postgresql.jdbc.PgConnection@4e45d5df
[DEBUG] 2022-01-27 09:40:55.576 [HikariPool-1 connection adder] HikariPool - HikariPool-1 - Added connection org.postgresql.jdbc.PgConnection@56c685fb
[DEBUG] 2022-01-27 09:40:55.638 [HikariPool-1 connection adder] HikariPool - HikariPool-1 - Added connection org.postgresql.jdbc.PgConnection@39297e1e
[DEBUG] 2022-01-27 09:40:55.716 [HikariPool-1 connection adder] HikariPool - HikariPool-1 - Added connection org.postgresql.jdbc.PgConnection@2a00bc81
[DEBUG] 2022-01-27 09:40:55.716 [HikariPool-1 connection adder] HikariPool - HikariPool-1 - After adding stats (total=10, active=0, idle=10, waiting=0)
[DEBUG] 2022-01-27 09:41:25.018 [HikariPool-1 housekeeper] HikariPool - HikariPool-1 - Pool stats (total=10, active=0, idle=10, waiting=0)
[DEBUG] 2022-01-27 09:41:25.018 [HikariPool-1 housekeeper] HikariPool - HikariPool-1 - Fill pool skipped, pool is at sufficient level.
[DEBUG] 2022-01-27 09:41:34.593 [main] HikariConfig - HikariPool-1 - configuration:
[DEBUG] 2022-01-27 09:41:34.608 [main] HikariConfig - allowPoolSuspension.............false
[DEBUG] 2022-01-27 09:41:34.608 [main] HikariConfig - autoCommit......................true
[DEBUG] 2022-01-27 09:41:34.608 [main] HikariConfig - catalog.........................none
[DEBUG] 2022-01-27 09:41:34.608 [main] HikariConfig - connectionInitSql...............none
[DEBUG] 2022-01-27 09:41:34.608 [main] HikariConfig - connectionTestQuery.............none
[DEBUG] 2022-01-27 09:41:34.608 [main] HikariConfig - connectionTimeout...............30000
[DEBUG] 2022-01-27 09:41:34.608 [main] HikariConfig - dataSource......................none
[DEBUG] 2022-01-27 09:41:34.608 [main] HikariConfig - dataSourceClassName.............none
[DEBUG] 2022-01-27 09:41:34.608 [main] HikariConfig - dataSourceJNDI..................none
[DEBUG] 2022-01-27 09:41:34.655 [main] HikariConfig - dataSourceProperties............{password=<masked>}
[DEBUG] 2022-01-27 09:41:34.655 [main] HikariConfig - driverClassName.................none
[DEBUG] 2022-01-27 09:41:34.655 [main] HikariConfig - exceptionOverrideClassName......none
[DEBUG] 2022-01-27 09:41:34.655 [main] HikariConfig - healthCheckProperties...........{}
[DEBUG] 2022-01-27 09:41:34.655 [main] HikariConfig - healthCheckRegistry.............none
[DEBUG] 2022-01-27 09:41:34.655 [main] HikariConfig - idleTimeout.....................600000
[DEBUG] 2022-01-27 09:41:34.655 [main] HikariConfig - initializationFailTimeout.......1
[DEBUG] 2022-01-27 09:41:34.655 [main] HikariConfig - isolateInternalQueries..........false
[DEBUG] 2022-01-27 09:41:34.655 [main] HikariConfig - jdbcUrl.........................jdbc:postgresql://localhost:5432/bank-system
[DEBUG] 2022-01-27 09:41:34.655 [main] HikariConfig - leakDetectionThreshold..........0
[DEBUG] 2022-01-27 09:41:34.655 [main] HikariConfig - maxLifetime.....................1800000
[DEBUG] 2022-01-27 09:41:34.655 [main] HikariConfig - maximumPoolSize.................10
[DEBUG] 2022-01-27 09:41:34.655 [main] HikariConfig - metricRegistry..................none
[DEBUG] 2022-01-27 09:41:34.655 [main] HikariConfig - metricsTrackerFactory...........none
[DEBUG] 2022-01-27 09:41:34.655 [main] HikariConfig - minimumIdle.....................10
[DEBUG] 2022-01-27 09:41:34.655 [main] HikariConfig - password........................<masked>
[DEBUG] 2022-01-27 09:41:34.655 [main] HikariConfig - poolName........................"HikariPool-1"
[DEBUG] 2022-01-27 09:41:34.655 [main] HikariConfig - readOnly........................false
[DEBUG] 2022-01-27 09:41:34.655 [main] HikariConfig - registerMbeans..................false
[DEBUG] 2022-01-27 09:41:34.655 [main] HikariConfig - scheduledExecutor...............none
[DEBUG] 2022-01-27 09:41:34.655 [main] HikariConfig - schema..........................none
[DEBUG] 2022-01-27 09:41:34.655 [main] HikariConfig - threadFactory...................internal
[DEBUG] 2022-01-27 09:41:34.671 [main] HikariConfig - transactionIsolation............default
[DEBUG] 2022-01-27 09:41:34.671 [main] HikariConfig - username........................"postgres"
[DEBUG] 2022-01-27 09:41:34.671 [main] HikariConfig - validationTimeout...............5000
[INFO ] 2022-01-27 09:41:34.671 [main] HikariDataSource - HikariPool-1 - Starting...
[DEBUG] 2022-01-27 09:41:34.671 [main] DriverDataSource - Loaded driver with class name org.postgresql.Driver for jdbcUrl=jdbc:postgresql://localhost:5432/bank-system
[DEBUG] 2022-01-27 09:41:35.624 [main] HikariPool - HikariPool-1 - Added connection org.postgresql.jdbc.PgConnection@3c41ed1d
[INFO ] 2022-01-27 09:41:35.624 [main] HikariDataSource - HikariPool-1 - Start completed.
[DEBUG] 2022-01-27 09:41:35.734 [HikariPool-1 housekeeper] HikariPool - HikariPool-1 - Pool stats (total=1, active=0, idle=1, waiting=0)
[DEBUG] 2022-01-27 09:41:35.818 [HikariPool-1 connection adder] HikariPool - HikariPool-1 - Added connection org.postgresql.jdbc.PgConnection@7b7cb804
[DEBUG] 2022-01-27 09:41:35.896 [HikariPool-1 connection adder] HikariPool - HikariPool-1 - Added connection org.postgresql.jdbc.PgConnection@75bb491b
[DEBUG] 2022-01-27 09:41:35.956 [HikariPool-1 connection adder] HikariPool - HikariPool-1 - Added connection org.postgresql.jdbc.PgConnection@34864320
[DEBUG] 2022-01-27 09:41:36.034 [HikariPool-1 connection adder] HikariPool - HikariPool-1 - Added connection org.postgresql.jdbc.PgConnection@2aa4712c
[DEBUG] 2022-01-27 09:41:36.112 [HikariPool-1 connection adder] HikariPool - HikariPool-1 - Added connection org.postgresql.jdbc.PgConnection@57816f2
[DEBUG] 2022-01-27 09:41:36.186 [HikariPool-1 connection adder] HikariPool - HikariPool-1 - Added connection org.postgresql.jdbc.PgConnection@52b07a5a
[DEBUG] 2022-01-27 09:41:36.264 [HikariPool-1 connection adder] HikariPool - HikariPool-1 - Added connection org.postgresql.jdbc.PgConnection@54a9bc6f
[DEBUG] 2022-01-27 09:41:36.328 [HikariPool-1 connection adder] HikariPool - HikariPool-1 - Added connection org.postgresql.jdbc.PgConnection@1887c802
[DEBUG] 2022-01-27 09:41:36.391 [HikariPool-1 connection adder] HikariPool - HikariPool-1 - Added connection org.postgresql.jdbc.PgConnection@49b413e2
[DEBUG] 2022-01-27 09:41:36.391 [HikariPool-1 connection adder] HikariPool - HikariPool-1 - After adding stats (total=10, active=0, idle=10, waiting=0)
[DEBUG] 2022-01-27 09:47:45.096 [main] HikariConfig - HikariPool-1 - configuration:
[DEBUG] 2022-01-27 09:47:45.096 [main] HikariConfig - allowPoolSuspension.............false
[DEBUG] 2022-01-27 09:47:45.096 [main] HikariConfig - autoCommit......................true
[DEBUG] 2022-01-27 09:47:45.096 [main] HikariConfig - catalog.........................none
[DEBUG] 2022-01-27 09:47:45.096 [main] HikariConfig - connectionInitSql...............none
[DEBUG] 2022-01-27 09:47:45.096 [main] HikariConfig - connectionTestQuery.............none
[DEBUG] 2022-01-27 09:47:45.096 [main] HikariConfig - connectionTimeout...............30000
[DEBUG] 2022-01-27 09:47:45.096 [main] HikariConfig - dataSource......................none
[DEBUG] 2022-01-27 09:47:45.096 [main] HikariConfig - dataSourceClassName.............none
[DEBUG] 2022-01-27 09:47:45.096 [main] HikariConfig - dataSourceJNDI..................none
[DEBUG] 2022-01-27 09:47:45.159 [main] HikariConfig - dataSourceProperties............{password=<masked>}
[DEBUG] 2022-01-27 09:47:45.159 [main] HikariConfig - driverClassName.................none
[DEBUG] 2022-01-27 09:47:45.159 [main] HikariConfig - exceptionOverrideClassName......none
[DEBUG] 2022-01-27 09:47:45.159 [main] HikariConfig - healthCheckProperties...........{}
[DEBUG] 2022-01-27 09:47:45.159 [main] HikariConfig - healthCheckRegistry.............none
[DEBUG] 2022-01-27 09:47:45.159 [main] HikariConfig - idleTimeout.....................600000
[DEBUG] 2022-01-27 09:47:45.159 [main] HikariConfig - initializationFailTimeout.......1
[DEBUG] 2022-01-27 09:47:45.159 [main] HikariConfig - isolateInternalQueries..........false
[DEBUG] 2022-01-27 09:47:45.159 [main] HikariConfig - jdbcUrl.........................jdbc:postgresql://localhost:5432/bank-system
[DEBUG] 2022-01-27 09:47:45.159 [main] HikariConfig - leakDetectionThreshold..........0
[DEBUG] 2022-01-27 09:47:45.159 [main] HikariConfig - maxLifetime.....................1800000
[DEBUG] 2022-01-27 09:47:45.159 [main] HikariConfig - maximumPoolSize.................10
[DEBUG] 2022-01-27 09:47:45.159 [main] HikariConfig - metricRegistry..................none
[DEBUG] 2022-01-27 09:47:45.159 [main] HikariConfig - metricsTrackerFactory...........none
[DEBUG] 2022-01-27 09:47:45.159 [main] HikariConfig - minimumIdle.....................10
[DEBUG] 2022-01-27 09:47:45.159 [main] HikariConfig - password........................<masked>
[DEBUG] 2022-01-27 09:47:45.159 [main] HikariConfig - poolName........................"HikariPool-1"
[DEBUG] 2022-01-27 09:47:45.159 [main] HikariConfig - readOnly........................false
[DEBUG] 2022-01-27 09:47:45.159 [main] HikariConfig - registerMbeans..................false
[DEBUG] 2022-01-27 09:47:45.159 [main] HikariConfig - scheduledExecutor...............none
[DEBUG] 2022-01-27 09:47:45.159 [main] HikariConfig - schema..........................none
[DEBUG] 2022-01-27 09:47:45.159 [main] HikariConfig - threadFactory...................internal
[DEBUG] 2022-01-27 09:47:45.159 [main] HikariConfig - transactionIsolation............default
[DEBUG] 2022-01-27 09:47:45.159 [main] HikariConfig - username........................"postgres"
[DEBUG] 2022-01-27 09:47:45.159 [main] HikariConfig - validationTimeout...............5000
[INFO ] 2022-01-27 09:47:45.159 [main] HikariDataSource - HikariPool-1 - Starting...
[DEBUG] 2022-01-27 09:47:45.159 [main] DriverDataSource - Loaded driver with class name org.postgresql.Driver for jdbcUrl=jdbc:postgresql://localhost:5432/bank-system
[DEBUG] 2022-01-27 09:47:46.099 [main] HikariPool - HikariPool-1 - Added connection org.postgresql.jdbc.PgConnection@3c41ed1d
[INFO ] 2022-01-27 09:47:46.114 [main] HikariDataSource - HikariPool-1 - Start completed.
[DEBUG] 2022-01-27 09:47:46.224 [HikariPool-1 housekeeper] HikariPool - HikariPool-1 - Pool stats (total=1, active=0, idle=1, waiting=0)
[DEBUG] 2022-01-27 09:47:46.331 [HikariPool-1 connection adder] HikariPool - HikariPool-1 - Added connection org.postgresql.jdbc.PgConnection@66fd8cca
[DEBUG] 2022-01-27 09:47:46.409 [HikariPool-1 connection adder] HikariPool - HikariPool-1 - Added connection org.postgresql.jdbc.PgConnection@683a6e65
[DEBUG] 2022-01-27 09:47:46.503 [HikariPool-1 connection adder] HikariPool - HikariPool-1 - Added connection org.postgresql.jdbc.PgConnection@2907645e
[DEBUG] 2022-01-27 09:47:46.599 [HikariPool-1 connection adder] HikariPool - HikariPool-1 - Added connection org.postgresql.jdbc.PgConnection@23962668
[DEBUG] 2022-01-27 09:47:46.678 [HikariPool-1 connection adder] HikariPool - HikariPool-1 - Added connection org.postgresql.jdbc.PgConnection@18642d39
[DEBUG] 2022-01-27 09:47:46.756 [HikariPool-1 connection adder] HikariPool - HikariPool-1 - Added connection org.postgresql.jdbc.PgConnection@5b1f31b8
[DEBUG] 2022-01-27 09:47:46.818 [HikariPool-1 connection adder] HikariPool - HikariPool-1 - Added connection org.postgresql.jdbc.PgConnection@49289b11
[DEBUG] 2022-01-27 09:47:46.898 [HikariPool-1 connection adder] HikariPool - HikariPool-1 - Added connection org.postgresql.jdbc.PgConnection@62aba285
[DEBUG] 2022-01-27 09:47:46.961 [HikariPool-1 connection adder] HikariPool - HikariPool-1 - Added connection org.postgresql.jdbc.PgConnection@401bdd99
[DEBUG] 2022-01-27 09:47:46.961 [HikariPool-1 connection adder] HikariPool - HikariPool-1 - After adding stats (total=10, active=0, idle=10, waiting=0)
[DEBUG] 2022-01-27 10:11:02.817 [main] HikariConfig - HikariPool-1 - configuration:
[DEBUG] 2022-01-27 10:11:02.817 [main] HikariConfig - allowPoolSuspension.............false
[DEBUG] 2022-01-27 10:11:02.833 [main] HikariConfig - autoCommit......................true
[DEBUG] 2022-01-27 10:11:02.833 [main] HikariConfig - catalog.........................none
[DEBUG] 2022-01-27 10:11:02.833 [main] HikariConfig - connectionInitSql...............none
[DEBUG] 2022-01-27 10:11:02.833 [main] HikariConfig - connectionTestQuery.............none
[DEBUG] 2022-01-27 10:11:02.833 [main] HikariConfig - connectionTimeout...............30000
[DEBUG] 2022-01-27 10:11:02.833 [main] HikariConfig - dataSource......................none
[DEBUG] 2022-01-27 10:11:02.833 [main] HikariConfig - dataSourceClassName.............none
[DEBUG] 2022-01-27 10:11:02.833 [main] HikariConfig - dataSourceJNDI..................none
[DEBUG] 2022-01-27 10:11:02.880 [main] HikariConfig - dataSourceProperties............{password=<masked>}
[DEBUG] 2022-01-27 10:11:02.880 [main] HikariConfig - driverClassName.................none
[DEBUG] 2022-01-27 10:11:02.880 [main] HikariConfig - exceptionOverrideClassName......none
[DEBUG] 2022-01-27 10:11:02.880 [main] HikariConfig - healthCheckProperties...........{}
[DEBUG] 2022-01-27 10:11:02.880 [main] HikariConfig - healthCheckRegistry.............none
[DEBUG] 2022-01-27 10:11:02.880 [main] HikariConfig - idleTimeout.....................600000
[DEBUG] 2022-01-27 10:11:02.880 [main] HikariConfig - initializationFailTimeout.......1
[DEBUG] 2022-01-27 10:11:02.880 [main] HikariConfig - isolateInternalQueries..........false
[DEBUG] 2022-01-27 10:11:02.880 [main] HikariConfig - jdbcUrl.........................jdbc:postgresql://localhost:5432/bank-system
[DEBUG] 2022-01-27 10:11:02.880 [main] HikariConfig - leakDetectionThreshold..........0
[DEBUG] 2022-01-27 10:11:02.880 [main] HikariConfig - maxLifetime.....................1800000
[DEBUG] 2022-01-27 10:11:02.880 [main] HikariConfig - maximumPoolSize.................10
[DEBUG] 2022-01-27 10:11:02.880 [main] HikariConfig - metricRegistry..................none
[DEBUG] 2022-01-27 10:11:02.880 [main] HikariConfig - metricsTrackerFactory...........none
[DEBUG] 2022-01-27 10:11:02.880 [main] HikariConfig - minimumIdle.....................10
[DEBUG] 2022-01-27 10:11:02.880 [main] HikariConfig - password........................<masked>
[DEBUG] 2022-01-27 10:11:02.880 [main] HikariConfig - poolName........................"HikariPool-1"
[DEBUG] 2022-01-27 10:11:02.880 [main] HikariConfig - readOnly........................false
[DEBUG] 2022-01-27 10:11:02.880 [main] HikariConfig - registerMbeans..................false
[DEBUG] 2022-01-27 10:11:02.880 [main] HikariConfig - scheduledExecutor...............none
[DEBUG] 2022-01-27 10:11:02.880 [main] HikariConfig - schema..........................none
[DEBUG] 2022-01-27 10:11:02.880 [main] HikariConfig - threadFactory...................internal
[DEBUG] 2022-01-27 10:11:02.880 [main] HikariConfig - transactionIsolation............default
[DEBUG] 2022-01-27 10:11:02.880 [main] HikariConfig - username........................"postgres"
[DEBUG] 2022-01-27 10:11:02.880 [main] HikariConfig - validationTimeout...............5000
[INFO ] 2022-01-27 10:11:02.880 [main] HikariDataSource - HikariPool-1 - Starting...
[DEBUG] 2022-01-27 10:11:02.895 [main] DriverDataSource - Loaded driver with class name org.postgresql.Driver for jdbcUrl=jdbc:postgresql://localhost:5432/bank-system
[DEBUG] 2022-01-27 10:11:03.941 [main] HikariPool - HikariPool-1 - Added connection org.postgresql.jdbc.PgConnection@3c41ed1d
[INFO ] 2022-01-27 10:11:03.941 [main] HikariDataSource - HikariPool-1 - Start completed.
[DEBUG] 2022-01-27 10:11:04.067 [HikariPool-1 housekeeper] HikariPool - HikariPool-1 - Pool stats (total=1, active=0, idle=1, waiting=0)
[DEBUG] 2022-01-27 10:11:04.160 [HikariPool-1 connection adder] HikariPool - HikariPool-1 - Added connection org.postgresql.jdbc.PgConnection@3efe9087
[DEBUG] 2022-01-27 10:11:04.233 [HikariPool-1 connection adder] HikariPool - HikariPool-1 - Added connection org.postgresql.jdbc.PgConnection@30397928
[DEBUG] 2022-01-27 10:11:04.311 [HikariPool-1 connection adder] HikariPool - HikariPool-1 - Added connection org.postgresql.jdbc.PgConnection@71047313
[DEBUG] 2022-01-27 10:11:04.374 [HikariPool-1 connection adder] HikariPool - HikariPool-1 - Added connection org.postgresql.jdbc.PgConnection@3b34af1c
[DEBUG] 2022-01-27 10:11:04.436 [HikariPool-1 connection adder] HikariPool - HikariPool-1 - Added connection org.postgresql.jdbc.PgConnection@403f616b
[DEBUG] 2022-01-27 10:11:04.499 [HikariPool-1 connection adder] HikariPool - HikariPool-1 - Added connection org.postgresql.jdbc.PgConnection@43e5e3d8
[DEBUG] 2022-01-27 10:11:04.561 [HikariPool-1 connection adder] HikariPool - HikariPool-1 - Added connection org.postgresql.jdbc.PgConnection@112b8c5c
[DEBUG] 2022-01-27 10:11:04.624 [HikariPool-1 connection adder] HikariPool - HikariPool-1 - Added connection org.postgresql.jdbc.PgConnection@34f69187
[DEBUG] 2022-01-27 10:11:04.687 [HikariPool-1 connection adder] HikariPool - HikariPool-1 - Added connection org.postgresql.jdbc.PgConnection@58e14fe2
[DEBUG] 2022-01-27 10:11:04.687 [HikariPool-1 connection adder] HikariPool - HikariPool-1 - After adding stats (total=10, active=0, idle=10, waiting=0)
[DEBUG] 2022-01-27 13:10:37.977 [main] HikariConfig - HikariPool-1 - configuration:
[DEBUG] 2022-01-27 13:10:37.993 [main] HikariConfig - allowPoolSuspension.............false
[DEBUG] 2022-01-27 13:10:37.993 [main] HikariConfig - autoCommit......................true
[DEBUG] 2022-01-27 13:10:37.993 [main] HikariConfig - catalog.........................none
[DEBUG] 2022-01-27 13:10:37.993 [main] HikariConfig - connectionInitSql...............none
[DEBUG] 2022-01-27 13:10:37.993 [main] HikariConfig - connectionTestQuery.............none
[DEBUG] 2022-01-27 13:10:37.993 [main] HikariConfig - connectionTimeout...............30000
[DEBUG] 2022-01-27 13:10:37.993 [main] HikariConfig - dataSource......................none
[DEBUG] 2022-01-27 13:10:37.993 [main] HikariConfig - dataSourceClassName.............none
[DEBUG] 2022-01-27 13:10:37.993 [main] HikariConfig - dataSourceJNDI..................none
[DEBUG] 2022-01-27 13:10:38.024 [main] HikariConfig - dataSourceProperties............{password=<masked>}
[DEBUG] 2022-01-27 13:10:38.024 [main] HikariConfig - driverClassName.................none
[DEBUG] 2022-01-27 13:10:38.024 [main] HikariConfig - exceptionOverrideClassName......none
[DEBUG] 2022-01-27 13:10:38.024 [main] HikariConfig - healthCheckProperties...........{}
[DEBUG] 2022-01-27 13:10:38.024 [main] HikariConfig - healthCheckRegistry.............none
[DEBUG] 2022-01-27 13:10:38.024 [main] HikariConfig - idleTimeout.....................600000
[DEBUG] 2022-01-27 13:10:38.024 [main] HikariConfig - initializationFailTimeout.......1
[DEBUG] 2022-01-27 13:10:38.024 [main] HikariConfig - isolateInternalQueries..........false
[DEBUG] 2022-01-27 13:10:38.024 [main] HikariConfig - jdbcUrl.........................jdbc:postgresql://localhost:5432/bank-system
[DEBUG] 2022-01-27 13:10:38.024 [main] HikariConfig - leakDetectionThreshold..........0
[DEBUG] 2022-01-27 13:10:38.024 [main] HikariConfig - maxLifetime.....................1800000
[DEBUG] 2022-01-27 13:10:38.024 [main] HikariConfig - maximumPoolSize.................10
[DEBUG] 2022-01-27 13:10:38.024 [main] HikariConfig - metricRegistry..................none
[DEBUG] 2022-01-27 13:10:38.024 [main] HikariConfig - metricsTrackerFactory...........none
[DEBUG] 2022-01-27 13:10:38.024 [main] HikariConfig - minimumIdle.....................10
[DEBUG] 2022-01-27 13:10:38.024 [main] HikariConfig - password........................<masked>
[DEBUG] 2022-01-27 13:10:38.024 [main] HikariConfig - poolName........................"HikariPool-1"
[DEBUG] 2022-01-27 13:10:38.024 [main] HikariConfig - readOnly........................false
[DEBUG] 2022-01-27 13:10:38.024 [main] HikariConfig - registerMbeans..................false
[DEBUG] 2022-01-27 13:10:38.024 [main] HikariConfig - scheduledExecutor...............none
[DEBUG] 2022-01-27 13:10:38.024 [main] HikariConfig - schema..........................none
[DEBUG] 2022-01-27 13:10:38.024 [main] HikariConfig - threadFactory...................internal
[DEBUG] 2022-01-27 13:10:38.024 [main] HikariConfig - transactionIsolation............default
[DEBUG] 2022-01-27 13:10:38.024 [main] HikariConfig - username........................"postgres"
[DEBUG] 2022-01-27 13:10:38.024 [main] HikariConfig - validationTimeout...............5000
[INFO ] 2022-01-27 13:10:38.024 [main] HikariDataSource - HikariPool-1 - Starting...
[DEBUG] 2022-01-27 13:10:38.024 [main] DriverDataSource - Loaded driver with class name org.postgresql.Driver for jdbcUrl=jdbc:postgresql://localhost:5432/bank-system
[DEBUG] 2022-01-27 13:10:38.556 [main] HikariPool - HikariPool-1 - Added connection org.postgresql.jdbc.PgConnection@3c41ed1d
[INFO ] 2022-01-27 13:10:38.556 [main] HikariDataSource - HikariPool-1 - Start completed.
[DEBUG] 2022-01-27 13:10:38.681 [HikariPool-1 housekeeper] HikariPool - HikariPool-1 - Pool stats (total=1, active=0, idle=1, waiting=0)
[DEBUG] 2022-01-27 13:10:38.712 [HikariPool-1 connection adder] HikariPool - HikariPool-1 - Added connection org.postgresql.jdbc.PgConnection@3350dfb7
[DEBUG] 2022-01-27 13:10:38.759 [HikariPool-1 connection adder] HikariPool - HikariPool-1 - Added connection org.postgresql.jdbc.PgConnection@3d9737ad
[DEBUG] 2022-01-27 13:10:38.806 [HikariPool-1 connection adder] HikariPool - HikariPool-1 - Added connection org.postgresql.jdbc.PgConnection@7caa3d96
[DEBUG] 2022-01-27 13:10:38.837 [HikariPool-1 connection adder] HikariPool - HikariPool-1 - Added connection org.postgresql.jdbc.PgConnection@4932f8d3
[DEBUG] 2022-01-27 13:10:38.884 [HikariPool-1 connection adder] HikariPool - HikariPool-1 - Added connection org.postgresql.jdbc.PgConnection@4d9c8407
[DEBUG] 2022-01-27 13:10:38.915 [HikariPool-1 connection adder] HikariPool - HikariPool-1 - Added connection org.postgresql.jdbc.PgConnection@31ee1fff
[DEBUG] 2022-01-27 13:10:38.962 [HikariPool-1 connection adder] HikariPool - HikariPool-1 - Added connection org.postgresql.jdbc.PgConnection@1c85c2d9
[DEBUG] 2022-01-27 13:10:38.993 [HikariPool-1 connection adder] HikariPool - HikariPool-1 - Added connection org.postgresql.jdbc.PgConnection@42af45fa
[DEBUG] 2022-01-27 13:10:39.040 [HikariPool-1 connection adder] HikariPool - HikariPool-1 - Added connection org.postgresql.jdbc.PgConnection@2aeab66b
[DEBUG] 2022-01-27 13:10:39.040 [HikariPool-1 connection adder] HikariPool - HikariPool-1 - After adding stats (total=10, active=0, idle=10, waiting=0)
[DEBUG] 2022-01-27 13:11:08.697 [HikariPool-1 housekeeper] HikariPool - HikariPool-1 - Pool stats (total=10, active=0, idle=10, waiting=0)
[DEBUG] 2022-01-27 13:11:08.697 [HikariPool-1 housekeeper] HikariPool - HikariPool-1 - Fill pool skipped, pool is at sufficient level.
[DEBUG] 2022-01-27 13:11:38.708 [HikariPool-1 housekeeper] HikariPool - HikariPool-1 - Pool stats (total=10, active=0, idle=10, waiting=0)
[DEBUG] 2022-01-27 13:11:38.708 [HikariPool-1 housekeeper] HikariPool - HikariPool-1 - Fill pool skipped, pool is at sufficient level.
[DEBUG] 2022-01-27 13:11:59.496 [main] HikariConfig - HikariPool-1 - configuration:
[DEBUG] 2022-01-27 13:11:59.496 [main] HikariConfig - allowPoolSuspension.............false
[DEBUG] 2022-01-27 13:11:59.496 [main] HikariConfig - autoCommit......................true
[DEBUG] 2022-01-27 13:11:59.496 [main] HikariConfig - catalog.........................none
[DEBUG] 2022-01-27 13:11:59.496 [main] HikariConfig - connectionInitSql...............none
[DEBUG] 2022-01-27 13:11:59.496 [main] HikariConfig - connectionTestQuery.............none
[DEBUG] 2022-01-27 13:11:59.496 [main] HikariConfig - connectionTimeout...............30000
[DEBUG] 2022-01-27 13:11:59.496 [main] HikariConfig - dataSource......................none
[DEBUG] 2022-01-27 13:11:59.496 [main] HikariConfig - dataSourceClassName.............none
[DEBUG] 2022-01-27 13:11:59.496 [main] HikariConfig - dataSourceJNDI..................none
[DEBUG] 2022-01-27 13:11:59.527 [main] HikariConfig - dataSourceProperties............{password=<masked>}
[DEBUG] 2022-01-27 13:11:59.527 [main] HikariConfig - driverClassName.................none
[DEBUG] 2022-01-27 13:11:59.527 [main] HikariConfig - exceptionOverrideClassName......none
[DEBUG] 2022-01-27 13:11:59.527 [main] HikariConfig - healthCheckProperties...........{}
[DEBUG] 2022-01-27 13:11:59.527 [main] HikariConfig - healthCheckRegistry.............none
[DEBUG] 2022-01-27 13:11:59.527 [main] HikariConfig - idleTimeout.....................600000
[DEBUG] 2022-01-27 13:11:59.527 [main] HikariConfig - initializationFailTimeout.......1
[DEBUG] 2022-01-27 13:11:59.527 [main] HikariConfig - isolateInternalQueries..........false
[DEBUG] 2022-01-27 13:11:59.527 [main] HikariConfig - jdbcUrl.........................jdbc:postgresql://localhost:5432/bank-system
[DEBUG] 2022-01-27 13:11:59.527 [main] HikariConfig - leakDetectionThreshold..........0
[DEBUG] 2022-01-27 13:11:59.527 [main] HikariConfig - maxLifetime.....................1800000
[DEBUG] 2022-01-27 13:11:59.527 [main] HikariConfig - maximumPoolSize.................10
[DEBUG] 2022-01-27 13:11:59.527 [main] HikariConfig - metricRegistry..................none
[DEBUG] 2022-01-27 13:11:59.527 [main] HikariConfig - metricsTrackerFactory...........none
[DEBUG] 2022-01-27 13:11:59.527 [main] HikariConfig - minimumIdle.....................10
[DEBUG] 2022-01-27 13:11:59.527 [main] HikariConfig - password........................<masked>
[DEBUG] 2022-01-27 13:11:59.543 [main] HikariConfig - poolName........................"HikariPool-1"
[DEBUG] 2022-01-27 13:11:59.543 [main] HikariConfig - readOnly........................false
[DEBUG] 2022-01-27 13:11:59.543 [main] HikariConfig - registerMbeans..................false
[DEBUG] 2022-01-27 13:11:59.543 [main] HikariConfig - scheduledExecutor...............none
[DEBUG] 2022-01-27 13:11:59.543 [main] HikariConfig - schema..........................none
[DEBUG] 2022-01-27 13:11:59.543 [main] HikariConfig - threadFactory...................internal
[DEBUG] 2022-01-27 13:11:59.543 [main] HikariConfig - transactionIsolation............default
[DEBUG] 2022-01-27 13:11:59.543 [main] HikariConfig - username........................"postgres"
[DEBUG] 2022-01-27 13:11:59.543 [main] HikariConfig - validationTimeout...............5000
[INFO ] 2022-01-27 13:11:59.543 [main] HikariDataSource - HikariPool-1 - Starting...
[DEBUG] 2022-01-27 13:11:59.543 [main] DriverDataSource - Loaded driver with class name org.postgresql.Driver for jdbcUrl=jdbc:postgresql://localhost:5432/bank-system
[DEBUG] 2022-01-27 13:12:00.045 [main] HikariPool - HikariPool-1 - Added connection org.postgresql.jdbc.PgConnection@3c41ed1d
[INFO ] 2022-01-27 13:12:00.045 [main] HikariDataSource - HikariPool-1 - Start completed.
[DEBUG] 2022-01-27 13:12:00.155 [HikariPool-1 housekeeper] HikariPool - HikariPool-1 - Pool stats (total=1, active=0, idle=1, waiting=0)
[DEBUG] 2022-01-27 13:12:00.186 [HikariPool-1 connection adder] HikariPool - HikariPool-1 - Added connection org.postgresql.jdbc.PgConnection@5ecb151c
[DEBUG] 2022-01-27 13:12:00.232 [HikariPool-1 connection adder] HikariPool - HikariPool-1 - Added connection org.postgresql.jdbc.PgConnection@500ce0b5
[DEBUG] 2022-01-27 13:12:00.264 [HikariPool-1 connection adder] HikariPool - HikariPool-1 - Added connection org.postgresql.jdbc.PgConnection@1131ea8e
[DEBUG] 2022-01-27 13:12:00.311 [HikariPool-1 connection adder] HikariPool - HikariPool-1 - Added connection org.postgresql.jdbc.PgConnection@17546e41
[DEBUG] 2022-01-27 13:12:00.342 [HikariPool-1 connection adder] HikariPool - HikariPool-1 - Added connection org.postgresql.jdbc.PgConnection@20ea3d56
[DEBUG] 2022-01-27 13:12:00.389 [HikariPool-1 connection adder] HikariPool - HikariPool-1 - Added connection org.postgresql.jdbc.PgConnection@6f65e739
[DEBUG] 2022-01-27 13:12:00.425 [HikariPool-1 connection adder] HikariPool - HikariPool-1 - Added connection org.postgresql.jdbc.PgConnection@711e15c1
[DEBUG] 2022-01-27 13:12:00.566 [HikariPool-1 connection adder] HikariPool - HikariPool-1 - Added connection org.postgresql.jdbc.PgConnection@450c5bc5
[DEBUG] 2022-01-27 13:12:00.597 [HikariPool-1 connection adder] HikariPool - HikariPool-1 - Added connection org.postgresql.jdbc.PgConnection@7461ab26
[DEBUG] 2022-01-27 13:12:00.597 [HikariPool-1 connection adder] HikariPool - HikariPool-1 - After adding stats (total=10, active=0, idle=10, waiting=0)
